Analysis & Synthesis report for sixteenBitDecrementer
Thu Oct 26 22:55:04 2023
Quartus Prime Version 22.1std.2 Build 922 07/20/2023 SC Lite Edition


---------------------
; Table of Contents ;
---------------------
  1. Legal Notice
  2. Analysis & Synthesis Summary
  3. Analysis & Synthesis Settings
  4. Parallel Compilation
  5. Analysis & Synthesis Source Files Read
  6. Analysis & Synthesis Resource Usage Summary
  7. Analysis & Synthesis Resource Utilization by Entity
  8. General Register Statistics
  9. Port Connectivity Checks: "fullAdder:fa15"
 10. Port Connectivity Checks: "fullAdder:fa14"
 11. Port Connectivity Checks: "fullAdder:fa13"
 12. Port Connectivity Checks: "fullAdder:fa12"
 13. Port Connectivity Checks: "fullAdder:fa11"
 14. Port Connectivity Checks: "fullAdder:fa10"
 15. Port Connectivity Checks: "fullAdder:fa9"
 16. Port Connectivity Checks: "fullAdder:fa8"
 17. Port Connectivity Checks: "fullAdder:fa7"
 18. Port Connectivity Checks: "fullAdder:fa6"
 19. Port Connectivity Checks: "fullAdder:fa5"
 20. Port Connectivity Checks: "fullAdder:fa4"
 21. Port Connectivity Checks: "fullAdder:fa3"
 22. Port Connectivity Checks: "fullAdder:fa2"
 23. Port Connectivity Checks: "fullAdder:fa1"
 24. Port Connectivity Checks: "fullAdder:fa0"
 25. Post-Synthesis Netlist Statistics for Top Partition
 26. Elapsed Time Per Partition
 27. Analysis & Synthesis Messages



----------------
; Legal Notice ;
----------------
Copyright (C) 2023  Intel Corporation. All rights reserved.
Your use of Intel Corporation's design tools, logic functions 
and other software and tools, and any partner logic 
functions, and any output files from any of the foregoing 
(including device programming or simulation files), and any 
associated documentation or information are expressly subject 
to the terms and conditions of the Intel Program License 
Subscription Agreement, the Intel Quartus Prime License Agreement,
the Intel FPGA IP License Agreement, or other applicable license
agreement, including, without limitation, that your use is for
the sole purpose of programming logic devices manufactured by
Intel and sold by Intel or its authorized distributors.  Please
refer to the applicable agreement for further details, at
https://fpgasoftware.intel.com/eula.



+-------------------------------------------------------------------------------------+
; Analysis & Synthesis Summary                                                        ;
+------------------------------------+------------------------------------------------+
; Analysis & Synthesis Status        ; Successful - Thu Oct 26 22:55:04 2023          ;
; Quartus Prime Version              ; 22.1std.2 Build 922 07/20/2023 SC Lite Edition ;
; Revision Name                      ; sixteenBitDecrementer                          ;
; Top-level Entity Name              ; sixteenBitDecrementer                          ;
; Family                             ; MAX 10                                         ;
; Total logic elements               ; 20                                             ;
;     Total combinational functions  ; 20                                             ;
;     Dedicated logic registers      ; 0                                              ;
; Total registers                    ; 0                                              ;
; Total pins                         ; 33                                             ;
; Total virtual pins                 ; 0                                              ;
; Total memory bits                  ; 0                                              ;
; Embedded Multiplier 9-bit elements ; 0                                              ;
; Total PLLs                         ; 0                                              ;
; UFM blocks                         ; 0                                              ;
; ADC blocks                         ; 0                                              ;
+------------------------------------+------------------------------------------------+


+------------------------------------------------------------------------------------------------------------------+
; Analysis & Synthesis Settings                                                                                    ;
+------------------------------------------------------------------+-----------------------+-----------------------+
; Option                                                           ; Setting               ; Default Value         ;
+------------------------------------------------------------------+-----------------------+-----------------------+
; Device                                                           ; 10M50DAF484C7G        ;                       ;
; Top-level entity name                                            ; sixteenBitDecrementer ; sixteenBitDecrementer ;
; Family name                                                      ; MAX 10                ; Cyclone V             ;
; Use smart compilation                                            ; Off                   ; Off                   ;
; Enable parallel Assembler and Timing Analyzer during compilation ; On                    ; On                    ;
; Enable compact report table                                      ; Off                   ; Off                   ;
; Restructure Multiplexers                                         ; Auto                  ; Auto                  ;
; Create Debugging Nodes for IP Cores                              ; Off                   ; Off                   ;
; Preserve fewer node names                                        ; On                    ; On                    ;
; Intel FPGA IP Evaluation Mode                                    ; Enable                ; Enable                ;
; Verilog Version                                                  ; Verilog_2001          ; Verilog_2001          ;
; VHDL Version                                                     ; VHDL_1993             ; VHDL_1993             ;
; State Machine Processing                                         ; Auto                  ; Auto                  ;
; Safe State Machine                                               ; Off                   ; Off                   ;
; Extract Verilog State Machines                                   ; On                    ; On                    ;
; Extract VHDL State Machines                                      ; On                    ; On                    ;
; Ignore Verilog initial constructs                                ; Off                   ; Off                   ;
; Iteration limit for constant Verilog loops                       ; 5000                  ; 5000                  ;
; Iteration limit for non-constant Verilog loops                   ; 250                   ; 250                   ;
; Add Pass-Through Logic to Inferred RAMs                          ; On                    ; On                    ;
; Infer RAMs from Raw Logic                                        ; On                    ; On                    ;
; Parallel Synthesis                                               ; On                    ; On                    ;
; DSP Block Balancing                                              ; Auto                  ; Auto                  ;
; NOT Gate Push-Back                                               ; On                    ; On                    ;
; Power-Up Don't Care                                              ; On                    ; On                    ;
; Remove Redundant Logic Cells                                     ; Off                   ; Off                   ;
; Remove Duplicate Registers                                       ; On                    ; On                    ;
; Ignore CARRY Buffers                                             ; Off                   ; Off                   ;
; Ignore CASCADE Buffers                                           ; Off                   ; Off                   ;
; Ignore GLOBAL Buffers                                            ; Off                   ; Off                   ;
; Ignore ROW GLOBAL Buffers                                        ; Off                   ; Off                   ;
; Ignore LCELL Buffers                                             ; Off                   ; Off                   ;
; Ignore SOFT Buffers                                              ; On                    ; On                    ;
; Limit AHDL Integers to 32 Bits                                   ; Off                   ; Off                   ;
; Optimization Technique                                           ; Balanced              ; Balanced              ;
; Carry Chain Length                                               ; 70                    ; 70                    ;
; Auto Carry Chains                                                ; On                    ; On                    ;
; Auto Open-Drain Pins                                             ; On                    ; On                    ;
; Perform WYSIWYG Primitive Resynthesis                            ; Off                   ; Off                   ;
; Auto ROM Replacement                                             ; On                    ; On                    ;
; Auto RAM Replacement                                             ; On                    ; On                    ;
; Auto DSP Block Replacement                                       ; On                    ; On                    ;
; Auto Shift Register Replacement                                  ; Auto                  ; Auto                  ;
; Allow Shift Register Merging across Hierarchies                  ; Auto                  ; Auto                  ;
; Auto Clock Enable Replacement                                    ; On                    ; On                    ;
; Strict RAM Replacement                                           ; Off                   ; Off                   ;
; Allow Synchronous Control Signals                                ; On                    ; On                    ;
; Force Use of Synchronous Clear Signals                           ; Off                   ; Off                   ;
; Auto RAM Block Balancing                                         ; On                    ; On                    ;
; Auto RAM to Logic Cell Conversion                                ; Off                   ; Off                   ;
; Auto Resource Sharing                                            ; Off                   ; Off                   ;
; Allow Any RAM Size For Recognition                               ; Off                   ; Off                   ;
; Allow Any ROM Size For Recognition                               ; Off                   ; Off                   ;
; Allow Any Shift Register Size For Recognition                    ; Off                   ; Off                   ;
; Use LogicLock Constraints during Resource Balancing              ; On                    ; On                    ;
; Ignore translate_off and synthesis_off directives                ; Off                   ; Off                   ;
; Timing-Driven Synthesis                                          ; On                    ; On                    ;
; Report Parameter Settings                                        ; On                    ; On                    ;
; Report Source Assignments                                        ; On                    ; On                    ;
; Report Connectivity Checks                                       ; On                    ; On                    ;
; Ignore Maximum Fan-Out Assignments                               ; Off                   ; Off                   ;
; Synchronization Register Chain Length                            ; 2                     ; 2                     ;
; Power Optimization During Synthesis                              ; Normal compilation    ; Normal compilation    ;
; HDL message level                                                ; Level2                ; Level2                ;
; Suppress Register Optimization Related Messages                  ; Off                   ; Off                   ;
; Number of Removed Registers Reported in Synthesis Report         ; 5000                  ; 5000                  ;
; Number of Swept Nodes Reported in Synthesis Report               ; 5000                  ; 5000                  ;
; Number of Inverted Registers Reported in Synthesis Report        ; 100                   ; 100                   ;
; Clock MUX Protection                                             ; On                    ; On                    ;
; Auto Gated Clock Conversion                                      ; Off                   ; Off                   ;
; Block Design Naming                                              ; Auto                  ; Auto                  ;
; SDC constraint protection                                        ; Off                   ; Off                   ;
; Synthesis Effort                                                 ; Auto                  ; Auto                  ;
; Shift Register Replacement - Allow Asynchronous Clear Signal     ; On                    ; On                    ;
; Pre-Mapping Resynthesis Optimization                             ; Off                   ; Off                   ;
; Analysis & Synthesis Message Level                               ; Medium                ; Medium                ;
; Disable Register Merging Across Hierarchies                      ; Auto                  ; Auto                  ;
; Resource Aware Inference For Block RAM                           ; On                    ; On                    ;
+------------------------------------------------------------------+-----------------------+-----------------------+


+------------------------------------------+
; Parallel Compilation                     ;
+----------------------------+-------------+
; Processors                 ; Number      ;
+----------------------------+-------------+
; Number detected on machine ; 12          ;
; Maximum allowed            ; 12          ;
;                            ;             ;
; Average used               ; 1.00        ;
; Maximum used               ; 1           ;
;                            ;             ;
; Usage by Processor         ; % Time Used ;
;     Processor 1            ; 100.0%      ;
+----------------------------+-------------+


+--------------------------------------------------------------------------------------------------------------------------------------------------------------------------------------------+
; Analysis & Synthesis Source Files Read                                                                                                                                                     ;
+----------------------------------+-----------------+------------------------+----------------------------------------------------------------------------------------------------+---------+
; File Name with User-Entered Path ; Used in Netlist ; File Type              ; File Name with Absolute Path                                                                       ; Library ;
+----------------------------------+-----------------+------------------------+----------------------------------------------------------------------------------------------------+---------+
; sixteenBitDecrementer.v          ; yes             ; User Verilog HDL File  ; C:/Users/hiaru/Documents/GitHub/verilog_ld_lab/Assg3/sixteenBitDecrementer/sixteenBitDecrementer.v ;         ;
+----------------------------------+-----------------+------------------------+----------------------------------------------------------------------------------------------------+---------+


+----------------------------------------------------------+
; Analysis & Synthesis Resource Usage Summary              ;
+---------------------------------------------+------------+
; Resource                                    ; Usage      ;
+---------------------------------------------+------------+
; Estimated Total logic elements              ; 20         ;
;                                             ;            ;
; Total combinational functions               ; 20         ;
; Logic element usage by number of LUT inputs ;            ;
;     -- 4 input functions                    ; 10         ;
;     -- 3 input functions                    ; 5          ;
;     -- <=2 input functions                  ; 5          ;
;                                             ;            ;
; Logic elements by mode                      ;            ;
;     -- normal mode                          ; 20         ;
;     -- arithmetic mode                      ; 0          ;
;                                             ;            ;
; Total registers                             ; 0          ;
;     -- Dedicated logic registers            ; 0          ;
;     -- I/O registers                        ; 0          ;
;                                             ;            ;
; I/O pins                                    ; 33         ;
;                                             ;            ;
; Embedded Multiplier 9-bit elements          ; 0          ;
;                                             ;            ;
; Maximum fan-out node                        ; a[0]~input ;
; Maximum fan-out                             ; 5          ;
; Total fan-out                               ; 115        ;
; Average fan-out                             ; 1.34       ;
+---------------------------------------------+------------+


+--------------------------------------------------------------------------------------------------------------------------------------------------------------------------------------------------------------------------------------------------------------------------------------------+
; Analysis & Synthesis Resource Utilization by Entity                                                                                                                                                                                                                                        ;
+----------------------------+---------------------+---------------------------+-------------+------------+--------------+---------+-----------+------+--------------+------------+-------------------------------------------------------------------+-----------------------+--------------+
; Compilation Hierarchy Node ; Combinational ALUTs ; Dedicated Logic Registers ; Memory Bits ; UFM Blocks ; DSP Elements ; DSP 9x9 ; DSP 18x18 ; Pins ; Virtual Pins ; ADC blocks ; Full Hierarchy Name                                               ; Entity Name           ; Library Name ;
+----------------------------+---------------------+---------------------------+-------------+------------+--------------+---------+-----------+------+--------------+------------+-------------------------------------------------------------------+-----------------------+--------------+
; |sixteenBitDecrementer     ; 20 (0)              ; 0 (0)                     ; 0           ; 0          ; 0            ; 0       ; 0         ; 33   ; 0            ; 0          ; |sixteenBitDecrementer                                            ; sixteenBitDecrementer ; work         ;
;    |fullAdder:fa10|        ; 1 (0)               ; 0 (0)                     ; 0           ; 0          ; 0            ; 0       ; 0         ; 0    ; 0            ; 0          ; |sixteenBitDecrementer|fullAdder:fa10                             ; fullAdder             ; work         ;
;       |halfAdder:ha2|      ; 1 (0)               ; 0 (0)                     ; 0           ; 0          ; 0            ; 0       ; 0         ; 0    ; 0            ; 0          ; |sixteenBitDecrementer|fullAdder:fa10|halfAdder:ha2               ; halfAdder             ; work         ;
;          |xor_2In:xor_1|   ; 1 (1)               ; 0 (0)                     ; 0           ; 0          ; 0            ; 0       ; 0         ; 0    ; 0            ; 0          ; |sixteenBitDecrementer|fullAdder:fa10|halfAdder:ha2|xor_2In:xor_1 ; xor_2In               ; work         ;
;    |fullAdder:fa11|        ; 1 (0)               ; 0 (0)                     ; 0           ; 0          ; 0            ; 0       ; 0         ; 0    ; 0            ; 0          ; |sixteenBitDecrementer|fullAdder:fa11                             ; fullAdder             ; work         ;
;       |halfAdder:ha2|      ; 1 (0)               ; 0 (0)                     ; 0           ; 0          ; 0            ; 0       ; 0         ; 0    ; 0            ; 0          ; |sixteenBitDecrementer|fullAdder:fa11|halfAdder:ha2               ; halfAdder             ; work         ;
;          |xor_2In:xor_1|   ; 1 (1)               ; 0 (0)                     ; 0           ; 0          ; 0            ; 0       ; 0         ; 0    ; 0            ; 0          ; |sixteenBitDecrementer|fullAdder:fa11|halfAdder:ha2|xor_2In:xor_1 ; xor_2In               ; work         ;
;    |fullAdder:fa12|        ; 2 (0)               ; 0 (0)                     ; 0           ; 0          ; 0            ; 0       ; 0         ; 0    ; 0            ; 0          ; |sixteenBitDecrementer|fullAdder:fa12                             ; fullAdder             ; work         ;
;       |halfAdder:ha2|      ; 1 (0)               ; 0 (0)                     ; 0           ; 0          ; 0            ; 0       ; 0         ; 0    ; 0            ; 0          ; |sixteenBitDecrementer|fullAdder:fa12|halfAdder:ha2               ; halfAdder             ; work         ;
;          |xor_2In:xor_1|   ; 1 (1)               ; 0 (0)                     ; 0           ; 0          ; 0            ; 0       ; 0         ; 0    ; 0            ; 0          ; |sixteenBitDecrementer|fullAdder:fa12|halfAdder:ha2|xor_2In:xor_1 ; xor_2In               ; work         ;
;       |or_2In:or1|         ; 1 (1)               ; 0 (0)                     ; 0           ; 0          ; 0            ; 0       ; 0         ; 0    ; 0            ; 0          ; |sixteenBitDecrementer|fullAdder:fa12|or_2In:or1                  ; or_2In                ; work         ;
;    |fullAdder:fa13|        ; 1 (0)               ; 0 (0)                     ; 0           ; 0          ; 0            ; 0       ; 0         ; 0    ; 0            ; 0          ; |sixteenBitDecrementer|fullAdder:fa13                             ; fullAdder             ; work         ;
;       |halfAdder:ha2|      ; 1 (0)               ; 0 (0)                     ; 0           ; 0          ; 0            ; 0       ; 0         ; 0    ; 0            ; 0          ; |sixteenBitDecrementer|fullAdder:fa13|halfAdder:ha2               ; halfAdder             ; work         ;
;          |xor_2In:xor_1|   ; 1 (1)               ; 0 (0)                     ; 0           ; 0          ; 0            ; 0       ; 0         ; 0    ; 0            ; 0          ; |sixteenBitDecrementer|fullAdder:fa13|halfAdder:ha2|xor_2In:xor_1 ; xor_2In               ; work         ;
;    |fullAdder:fa14|        ; 1 (0)               ; 0 (0)                     ; 0           ; 0          ; 0            ; 0       ; 0         ; 0    ; 0            ; 0          ; |sixteenBitDecrementer|fullAdder:fa14                             ; fullAdder             ; work         ;
;       |halfAdder:ha2|      ; 1 (0)               ; 0 (0)                     ; 0           ; 0          ; 0            ; 0       ; 0         ; 0    ; 0            ; 0          ; |sixteenBitDecrementer|fullAdder:fa14|halfAdder:ha2               ; halfAdder             ; work         ;
;          |xor_2In:xor_1|   ; 1 (1)               ; 0 (0)                     ; 0           ; 0          ; 0            ; 0       ; 0         ; 0    ; 0            ; 0          ; |sixteenBitDecrementer|fullAdder:fa14|halfAdder:ha2|xor_2In:xor_1 ; xor_2In               ; work         ;
;    |fullAdder:fa15|        ; 2 (0)               ; 0 (0)                     ; 0           ; 0          ; 0            ; 0       ; 0         ; 0    ; 0            ; 0          ; |sixteenBitDecrementer|fullAdder:fa15                             ; fullAdder             ; work         ;
;       |halfAdder:ha2|      ; 1 (0)               ; 0 (0)                     ; 0           ; 0          ; 0            ; 0       ; 0         ; 0    ; 0            ; 0          ; |sixteenBitDecrementer|fullAdder:fa15|halfAdder:ha2               ; halfAdder             ; work         ;
;          |xor_2In:xor_1|   ; 1 (1)               ; 0 (0)                     ; 0           ; 0          ; 0            ; 0       ; 0         ; 0    ; 0            ; 0          ; |sixteenBitDecrementer|fullAdder:fa15|halfAdder:ha2|xor_2In:xor_1 ; xor_2In               ; work         ;
;       |or_2In:or1|         ; 1 (1)               ; 0 (0)                     ; 0           ; 0          ; 0            ; 0       ; 0         ; 0    ; 0            ; 0          ; |sixteenBitDecrementer|fullAdder:fa15|or_2In:or1                  ; or_2In                ; work         ;
;    |fullAdder:fa1|         ; 1 (0)               ; 0 (0)                     ; 0           ; 0          ; 0            ; 0       ; 0         ; 0    ; 0            ; 0          ; |sixteenBitDecrementer|fullAdder:fa1                              ; fullAdder             ; work         ;
;       |halfAdder:ha2|      ; 1 (0)               ; 0 (0)                     ; 0           ; 0          ; 0            ; 0       ; 0         ; 0    ; 0            ; 0          ; |sixteenBitDecrementer|fullAdder:fa1|halfAdder:ha2                ; halfAdder             ; work         ;
;          |xor_2In:xor_1|   ; 1 (1)               ; 0 (0)                     ; 0           ; 0          ; 0            ; 0       ; 0         ; 0    ; 0            ; 0          ; |sixteenBitDecrementer|fullAdder:fa1|halfAdder:ha2|xor_2In:xor_1  ; xor_2In               ; work         ;
;    |fullAdder:fa2|         ; 1 (0)               ; 0 (0)                     ; 0           ; 0          ; 0            ; 0       ; 0         ; 0    ; 0            ; 0          ; |sixteenBitDecrementer|fullAdder:fa2                              ; fullAdder             ; work         ;
;       |halfAdder:ha2|      ; 1 (0)               ; 0 (0)                     ; 0           ; 0          ; 0            ; 0       ; 0         ; 0    ; 0            ; 0          ; |sixteenBitDecrementer|fullAdder:fa2|halfAdder:ha2                ; halfAdder             ; work         ;
;          |xor_2In:xor_1|   ; 1 (1)               ; 0 (0)                     ; 0           ; 0          ; 0            ; 0       ; 0         ; 0    ; 0            ; 0          ; |sixteenBitDecrementer|fullAdder:fa2|halfAdder:ha2|xor_2In:xor_1  ; xor_2In               ; work         ;
;    |fullAdder:fa3|         ; 2 (0)               ; 0 (0)                     ; 0           ; 0          ; 0            ; 0       ; 0         ; 0    ; 0            ; 0          ; |sixteenBitDecrementer|fullAdder:fa3                              ; fullAdder             ; work         ;
;       |halfAdder:ha2|      ; 1 (0)               ; 0 (0)                     ; 0           ; 0          ; 0            ; 0       ; 0         ; 0    ; 0            ; 0          ; |sixteenBitDecrementer|fullAdder:fa3|halfAdder:ha2                ; halfAdder             ; work         ;
;          |xor_2In:xor_1|   ; 1 (1)               ; 0 (0)                     ; 0           ; 0          ; 0            ; 0       ; 0         ; 0    ; 0            ; 0          ; |sixteenBitDecrementer|fullAdder:fa3|halfAdder:ha2|xor_2In:xor_1  ; xor_2In               ; work         ;
;       |or_2In:or1|         ; 1 (1)               ; 0 (0)                     ; 0           ; 0          ; 0            ; 0       ; 0         ; 0    ; 0            ; 0          ; |sixteenBitDecrementer|fullAdder:fa3|or_2In:or1                   ; or_2In                ; work         ;
;    |fullAdder:fa4|         ; 1 (0)               ; 0 (0)                     ; 0           ; 0          ; 0            ; 0       ; 0         ; 0    ; 0            ; 0          ; |sixteenBitDecrementer|fullAdder:fa4                              ; fullAdder             ; work         ;
;       |halfAdder:ha2|      ; 1 (0)               ; 0 (0)                     ; 0           ; 0          ; 0            ; 0       ; 0         ; 0    ; 0            ; 0          ; |sixteenBitDecrementer|fullAdder:fa4|halfAdder:ha2                ; halfAdder             ; work         ;
;          |xor_2In:xor_1|   ; 1 (1)               ; 0 (0)                     ; 0           ; 0          ; 0            ; 0       ; 0         ; 0    ; 0            ; 0          ; |sixteenBitDecrementer|fullAdder:fa4|halfAdder:ha2|xor_2In:xor_1  ; xor_2In               ; work         ;
;    |fullAdder:fa5|         ; 1 (0)               ; 0 (0)                     ; 0           ; 0          ; 0            ; 0       ; 0         ; 0    ; 0            ; 0          ; |sixteenBitDecrementer|fullAdder:fa5                              ; fullAdder             ; work         ;
;       |halfAdder:ha2|      ; 1 (0)               ; 0 (0)                     ; 0           ; 0          ; 0            ; 0       ; 0         ; 0    ; 0            ; 0          ; |sixteenBitDecrementer|fullAdder:fa5|halfAdder:ha2                ; halfAdder             ; work         ;
;          |xor_2In:xor_1|   ; 1 (1)               ; 0 (0)                     ; 0           ; 0          ; 0            ; 0       ; 0         ; 0    ; 0            ; 0          ; |sixteenBitDecrementer|fullAdder:fa5|halfAdder:ha2|xor_2In:xor_1  ; xor_2In               ; work         ;
;    |fullAdder:fa6|         ; 2 (0)               ; 0 (0)                     ; 0           ; 0          ; 0            ; 0       ; 0         ; 0    ; 0            ; 0          ; |sixteenBitDecrementer|fullAdder:fa6                              ; fullAdder             ; work         ;
;       |halfAdder:ha2|      ; 1 (0)               ; 0 (0)                     ; 0           ; 0          ; 0            ; 0       ; 0         ; 0    ; 0            ; 0          ; |sixteenBitDecrementer|fullAdder:fa6|halfAdder:ha2                ; halfAdder             ; work         ;
;          |xor_2In:xor_1|   ; 1 (1)               ; 0 (0)                     ; 0           ; 0          ; 0            ; 0       ; 0         ; 0    ; 0            ; 0          ; |sixteenBitDecrementer|fullAdder:fa6|halfAdder:ha2|xor_2In:xor_1  ; xor_2In               ; work         ;
;       |or_2In:or1|         ; 1 (1)               ; 0 (0)                     ; 0           ; 0          ; 0            ; 0       ; 0         ; 0    ; 0            ; 0          ; |sixteenBitDecrementer|fullAdder:fa6|or_2In:or1                   ; or_2In                ; work         ;
;    |fullAdder:fa7|         ; 1 (0)               ; 0 (0)                     ; 0           ; 0          ; 0            ; 0       ; 0         ; 0    ; 0            ; 0          ; |sixteenBitDecrementer|fullAdder:fa7                              ; fullAdder             ; work         ;
;       |halfAdder:ha2|      ; 1 (0)               ; 0 (0)                     ; 0           ; 0          ; 0            ; 0       ; 0         ; 0    ; 0            ; 0          ; |sixteenBitDecrementer|fullAdder:fa7|halfAdder:ha2                ; halfAdder             ; work         ;
;          |xor_2In:xor_1|   ; 1 (1)               ; 0 (0)                     ; 0           ; 0          ; 0            ; 0       ; 0         ; 0    ; 0            ; 0          ; |sixteenBitDecrementer|fullAdder:fa7|halfAdder:ha2|xor_2In:xor_1  ; xor_2In               ; work         ;
;    |fullAdder:fa8|         ; 1 (0)               ; 0 (0)                     ; 0           ; 0          ; 0            ; 0       ; 0         ; 0    ; 0            ; 0          ; |sixteenBitDecrementer|fullAdder:fa8                              ; fullAdder             ; work         ;
;       |halfAdder:ha2|      ; 1 (0)               ; 0 (0)                     ; 0           ; 0          ; 0            ; 0       ; 0         ; 0    ; 0            ; 0          ; |sixteenBitDecrementer|fullAdder:fa8|halfAdder:ha2                ; halfAdder             ; work         ;
;          |xor_2In:xor_1|   ; 1 (1)               ; 0 (0)                     ; 0           ; 0          ; 0            ; 0       ; 0         ; 0    ; 0            ; 0          ; |sixteenBitDecrementer|fullAdder:fa8|halfAdder:ha2|xor_2In:xor_1  ; xor_2In               ; work         ;
;    |fullAdder:fa9|         ; 2 (0)               ; 0 (0)                     ; 0           ; 0          ; 0            ; 0       ; 0         ; 0    ; 0            ; 0          ; |sixteenBitDecrementer|fullAdder:fa9                              ; fullAdder             ; work         ;
;       |halfAdder:ha2|      ; 1 (0)               ; 0 (0)                     ; 0           ; 0          ; 0            ; 0       ; 0         ; 0    ; 0            ; 0          ; |sixteenBitDecrementer|fullAdder:fa9|halfAdder:ha2                ; halfAdder             ; work         ;
;          |xor_2In:xor_1|   ; 1 (1)               ; 0 (0)                     ; 0           ; 0          ; 0            ; 0       ; 0         ; 0    ; 0            ; 0          ; |sixteenBitDecrementer|fullAdder:fa9|halfAdder:ha2|xor_2In:xor_1  ; xor_2In               ; work         ;
;       |or_2In:or1|         ; 1 (1)               ; 0 (0)                     ; 0           ; 0          ; 0            ; 0       ; 0         ; 0    ; 0            ; 0          ; |sixteenBitDecrementer|fullAdder:fa9|or_2In:or1                   ; or_2In                ; work         ;
+----------------------------+---------------------+---------------------------+-------------+------------+--------------+---------+-----------+------+--------------+------------+-------------------------------------------------------------------+-----------------------+--------------+
Note: For table entries with two numbers listed, the numbers in parentheses indicate the number of resources of the given type used by the specific entity alone. The numbers listed outside of parentheses indicate the total resources of the given type used by the specific entity and all of its sub-entities in the hierarchy.


+------------------------------------------------------+
; General Register Statistics                          ;
+----------------------------------------------+-------+
; Statistic                                    ; Value ;
+----------------------------------------------+-------+
; Total registers                              ; 0     ;
; Number of registers using Synchronous Clear  ; 0     ;
; Number of registers using Synchronous Load   ; 0     ;
; Number of registers using Asynchronous Clear ; 0     ;
; Number of registers using Asynchronous Load  ; 0     ;
; Number of registers using Clock Enable       ; 0     ;
; Number of registers using Preset             ; 0     ;
+----------------------------------------------+-------+


+--------------------------------------------+
; Port Connectivity Checks: "fullAdder:fa15" ;
+------+-------+----------+------------------+
; Port ; Type  ; Severity ; Details          ;
+------+-------+----------+------------------+
; b    ; Input ; Info     ; Stuck at VCC     ;
+------+-------+----------+------------------+


+--------------------------------------------+
; Port Connectivity Checks: "fullAdder:fa14" ;
+------+-------+----------+------------------+
; Port ; Type  ; Severity ; Details          ;
+------+-------+----------+------------------+
; b    ; Input ; Info     ; Stuck at VCC     ;
+------+-------+----------+------------------+


+--------------------------------------------+
; Port Connectivity Checks: "fullAdder:fa13" ;
+------+-------+----------+------------------+
; Port ; Type  ; Severity ; Details          ;
+------+-------+----------+------------------+
; b    ; Input ; Info     ; Stuck at VCC     ;
+------+-------+----------+------------------+


+--------------------------------------------+
; Port Connectivity Checks: "fullAdder:fa12" ;
+------+-------+----------+------------------+
; Port ; Type  ; Severity ; Details          ;
+------+-------+----------+------------------+
; b    ; Input ; Info     ; Stuck at VCC     ;
+------+-------+----------+------------------+


+--------------------------------------------+
; Port Connectivity Checks: "fullAdder:fa11" ;
+------+-------+----------+------------------+
; Port ; Type  ; Severity ; Details          ;
+------+-------+----------+------------------+
; b    ; Input ; Info     ; Stuck at VCC     ;
+------+-------+----------+------------------+


+--------------------------------------------+
; Port Connectivity Checks: "fullAdder:fa10" ;
+------+-------+----------+------------------+
; Port ; Type  ; Severity ; Details          ;
+------+-------+----------+------------------+
; b    ; Input ; Info     ; Stuck at VCC     ;
+------+-------+----------+------------------+


+-------------------------------------------+
; Port Connectivity Checks: "fullAdder:fa9" ;
+------+-------+----------+-----------------+
; Port ; Type  ; Severity ; Details         ;
+------+-------+----------+-----------------+
; b    ; Input ; Info     ; Stuck at VCC    ;
+------+-------+----------+-----------------+


+-------------------------------------------+
; Port Connectivity Checks: "fullAdder:fa8" ;
+------+-------+----------+-----------------+
; Port ; Type  ; Severity ; Details         ;
+------+-------+----------+-----------------+
; b    ; Input ; Info     ; Stuck at VCC    ;
+------+-------+----------+-----------------+


+-------------------------------------------+
; Port Connectivity Checks: "fullAdder:fa7" ;
+------+-------+----------+-----------------+
; Port ; Type  ; Severity ; Details         ;
+------+-------+----------+-----------------+
; b    ; Input ; Info     ; Stuck at VCC    ;
+------+-------+----------+-----------------+


+-------------------------------------------+
; Port Connectivity Checks: "fullAdder:fa6" ;
+------+-------+----------+-----------------+
; Port ; Type  ; Severity ; Details         ;
+------+-------+----------+-----------------+
; b    ; Input ; Info     ; Stuck at VCC    ;
+------+-------+----------+-----------------+


+-------------------------------------------+
; Port Connectivity Checks: "fullAdder:fa5" ;
+------+-------+----------+-----------------+
; Port ; Type  ; Severity ; Details         ;
+------+-------+----------+-----------------+
; b    ; Input ; Info     ; Stuck at VCC    ;
+------+-------+----------+-----------------+


+-------------------------------------------+
; Port Connectivity Checks: "fullAdder:fa4" ;
+------+-------+----------+-----------------+
; Port ; Type  ; Severity ; Details         ;
+------+-------+----------+-----------------+
; b    ; Input ; Info     ; Stuck at VCC    ;
+------+-------+----------+-----------------+


+-------------------------------------------+
; Port Connectivity Checks: "fullAdder:fa3" ;
+------+-------+----------+-----------------+
; Port ; Type  ; Severity ; Details         ;
+------+-------+----------+-----------------+
; b    ; Input ; Info     ; Stuck at VCC    ;
+------+-------+----------+-----------------+


+-------------------------------------------+
; Port Connectivity Checks: "fullAdder:fa2" ;
+------+-------+----------+-----------------+
; Port ; Type  ; Severity ; Details         ;
+------+-------+----------+-----------------+
; b    ; Input ; Info     ; Stuck at VCC    ;
+------+-------+----------+-----------------+


+-------------------------------------------+
; Port Connectivity Checks: "fullAdder:fa1" ;
+------+-------+----------+-----------------+
; Port ; Type  ; Severity ; Details         ;
+------+-------+----------+-----------------+
; b    ; Input ; Info     ; Stuck at VCC    ;
+------+-------+----------+-----------------+


+-------------------------------------------+
; Port Connectivity Checks: "fullAdder:fa0" ;
+------+-------+----------+-----------------+
; Port ; Type  ; Severity ; Details         ;
+------+-------+----------+-----------------+
; b    ; Input ; Info     ; Stuck at VCC    ;
; cin  ; Input ; Info     ; Stuck at GND    ;
+------+-------+----------+-----------------+


+-----------------------------------------------------+
; Post-Synthesis Netlist Statistics for Top Partition ;
+-----------------------+-----------------------------+
; Type                  ; Count                       ;
+-----------------------+-----------------------------+
; boundary_port         ; 33                          ;
; cycloneiii_lcell_comb ; 37                          ;
;     normal            ; 37                          ;
;         1 data inputs ; 17                          ;
;         2 data inputs ; 5                           ;
;         3 data inputs ; 5                           ;
;         4 data inputs ; 10                          ;
;                       ;                             ;
; Max LUT depth         ; 6.00                        ;
; Average LUT depth     ; 4.21                        ;
+-----------------------+-----------------------------+


+-------------------------------+
; Elapsed Time Per Partition    ;
+----------------+--------------+
; Partition Name ; Elapsed Time ;
+----------------+--------------+
; Top            ; 00:00:00     ;
+----------------+--------------+


+-------------------------------+
; Analysis & Synthesis Messages ;
+-------------------------------+
Info: *******************************************************************
Info: Running Quartus Prime Analysis & Synthesis
    Info: Version 22.1std.2 Build 922 07/20/2023 SC Lite Edition
    Info: Processing started: Thu Oct 26 22:54:53 2023
Info: Command: quartus_map --read_settings_files=on --write_settings_files=off sixteenBitDecrementer -c sixteenBitDecrementer
Warning (18236): Number of processors has not been specified which may cause overloading on shared machines.  Set the global assignment NUM_PARALLEL_PROCESSORS in your QSF to an appropriate value for best performance.
Info (20030): Parallel compilation is enabled and will use 12 of the 12 processors detected
Info (12021): Found 7 design units, including 7 entities, in source file sixteenbitdecrementer.v
    Info (12023): Found entity 1: sixteenBitDecrementer File: C:/Users/hiaru/Documents/GitHub/verilog_ld_lab/Assg3/sixteenBitDecrementer/sixteenBitDecrementer.v Line: 1
    Info (12023): Found entity 2: and_2In File: C:/Users/hiaru/Documents/GitHub/verilog_ld_lab/Assg3/sixteenBitDecrementer/sixteenBitDecrementer.v Line: 29
    Info (12023): Found entity 3: or_2In File: C:/Users/hiaru/Documents/GitHub/verilog_ld_lab/Assg3/sixteenBitDecrementer/sixteenBitDecrementer.v Line: 42
    Info (12023): Found entity 4: not_1In File: C:/Users/hiaru/Documents/GitHub/verilog_ld_lab/Assg3/sixteenBitDecrementer/sixteenBitDecrementer.v Line: 56
    Info (12023): Found entity 5: xor_2In File: C:/Users/hiaru/Documents/GitHub/verilog_ld_lab/Assg3/sixteenBitDecrementer/sixteenBitDecrementer.v Line: 65
    Info (12023): Found entity 6: halfAdder File: C:/Users/hiaru/Documents/GitHub/verilog_ld_lab/Assg3/sixteenBitDecrementer/sixteenBitDecrementer.v Line: 80
    Info (12023): Found entity 7: fullAdder File: C:/Users/hiaru/Documents/GitHub/verilog_ld_lab/Assg3/sixteenBitDecrementer/sixteenBitDecrementer.v Line: 92
Info (12021): Found 1 design units, including 1 entities, in source file sixteenbitdecrementertestbench.v
    Info (12023): Found entity 1: sixteenBitDecrementerTestbench File: C:/Users/hiaru/Documents/GitHub/verilog_ld_lab/Assg3/sixteenBitDecrementer/sixteenBitDecrementerTestbench.v Line: 1
Info (12127): Elaborating entity "sixteenBitDecrementer" for the top level hierarchy
Info (12128): Elaborating entity "fullAdder" for hierarchy "fullAdder:fa0" File: C:/Users/hiaru/Documents/GitHub/verilog_ld_lab/Assg3/sixteenBitDecrementer/sixteenBitDecrementer.v Line: 7
Info (12128): Elaborating entity "halfAdder" for hierarchy "fullAdder:fa0|halfAdder:ha1" File: C:/Users/hiaru/Documents/GitHub/verilog_ld_lab/Assg3/sixteenBitDecrementer/sixteenBitDecrementer.v Line: 101
Info (12128): Elaborating entity "xor_2In" for hierarchy "fullAdder:fa0|halfAdder:ha1|xor_2In:xor_1" File: C:/Users/hiaru/Documents/GitHub/verilog_ld_lab/Assg3/sixteenBitDecrementer/sixteenBitDecrementer.v Line: 87
Info (12128): Elaborating entity "and_2In" for hierarchy "fullAdder:fa0|halfAdder:ha1|and_2In:and_1" File: C:/Users/hiaru/Documents/GitHub/verilog_ld_lab/Assg3/sixteenBitDecrementer/sixteenBitDecrementer.v Line: 88
Info (12128): Elaborating entity "or_2In" for hierarchy "fullAdder:fa0|or_2In:or1" File: C:/Users/hiaru/Documents/GitHub/verilog_ld_lab/Assg3/sixteenBitDecrementer/sixteenBitDecrementer.v Line: 104
Info (12128): Elaborating entity "not_1In" for hierarchy "not_1In:not_1" File: C:/Users/hiaru/Documents/GitHub/verilog_ld_lab/Assg3/sixteenBitDecrementer/sixteenBitDecrementer.v Line: 25
Info (286030): Timing-Driven Synthesis is running
Info (16010): Generating hard_block partition "hard_block:auto_generated_inst"
    Info (16011): Adding 0 node(s), including 0 DDIO, 0 PLL, 0 transceiver and 0 LCELL
Info (21057): Implemented 53 device resources after synthesis - the final resource count might be different
    Info (21058): Implemented 16 input pins
    Info (21059): Implemented 17 output pins
    Info (21061): Implemented 20 logic cells
Info: Quartus Prime Analysis & Synthesis was successful. 0 errors, 1 warning
    Info: Peak virtual memory: 4795 megabytes
    Info: Processing ended: Thu Oct 26 22:55:04 2023
    Info: Elapsed time: 00:00:11
    Info: Total CPU time (on all processors): 00:00:12


